c:\users\ed\onedrive\da other spell\workshop\mod 4 and machine learning\demos\machinelearning\x64\debug\vc143.pdb
c:\users\ed\onedrive\da other spell\workshop\mod 4 and machine learning\demos\machinelearning\x64\debug\vc143.idb
c:\users\ed\onedrive\da other spell\workshop\mod 4 and machine learning\demos\machinelearning\x64\debug\util.obj
c:\users\ed\onedrive\da other spell\workshop\mod 4 and machine learning\demos\machinelearning\x64\debug\node.obj
c:\users\ed\onedrive\da other spell\workshop\mod 4 and machine learning\demos\machinelearning\x64\debug\mymaths.obj
c:\users\ed\onedrive\da other spell\workshop\mod 4 and machine learning\demos\machinelearning\x64\debug\model.obj
c:\users\ed\onedrive\da other spell\workshop\mod 4 and machine learning\demos\machinelearning\x64\debug\main.obj
c:\users\ed\onedrive\da other spell\workshop\mod 4 and machine learning\demos\machinelearning\x64\debug\layer.obj
c:\users\ed\onedrive\da other spell\workshop\mod 4 and machine learning\demos\machinelearning\x64\debug\encode.obj
c:\users\ed\onedrive\da other spell\workshop\mod 4 and machine learning\demos\machinelearning\x64\debug\main-desktop-emenku8.obj
c:\users\ed\onedrive\da other spell\workshop\mod 4 and machine learning\demos\machinelearning\x64\debug\mymaths-desktop-emenku8.obj
c:\users\ed\onedrive\da other spell\workshop\mod 4 and machine learning\demos\machinelearning\x64\debug\layer.obj.enc
c:\users\ed\onedrive\da other spell\workshop\mod 4 and machine learning\demos\machinelearning\x64\debug\main.obj.enc
c:\users\ed\onedrive\da other spell\workshop\mod 4 and machine learning\demos\machinelearning\x64\debug\model.obj.enc
c:\users\ed\onedrive\da other spell\workshop\mod 4 and machine learning\demos\machinelearning\x64\debug\mymaths.obj.enc
c:\users\ed\onedrive\da other spell\workshop\mod 4 and machine learning\demos\machinelearning\x64\debug\node.obj.enc
c:\users\ed\onedrive\da other spell\workshop\mod 4 and machine learning\demos\machinelearning\x64\debug\util.obj.enc
c:\users\ed\onedrive\da other spell\workshop\mod 4 and machine learning\demos\machinelearning\x64\debug\machinelearning-desktop-emenku8.ilk
c:\users\ed\onedrive\da other spell\workshop\mod 4 and machine learning\demos\machinelearning\x64\debug\vc143-desktop-emenku8.idb
c:\users\ed\onedrive\da other spell\workshop\mod 4 and machine learning\demos\machinelearning\x64\debug\machinelearning-desktop-emenku8.pdb
c:\users\ed\onedrive\da other spell\workshop\mod 4 and machine learning\demos\machinelearning\x64\debug\machinelearning.pdb
c:\users\ed\onedrive\da other spell\workshop\mod 4 and machine learning\demos\machinelearning\x64\debug\vc143-desktop-emenku8.pdb
c:\users\ed\onedrive\da other spell\workshop\mod 4 and machine learning\demos\machinelearning\x64\debug\machinelearning.tlog\cl.command.1-desktop-emenku8.tlog
c:\users\ed\onedrive\da other spell\workshop\mod 4 and machine learning\demos\machinelearning\x64\debug\machinelearning.tlog\cl.command.1.tlog
c:\users\ed\onedrive\da other spell\workshop\mod 4 and machine learning\demos\machinelearning\x64\debug\machinelearning.tlog\cl.items-desktop-emenku8.tlog
c:\users\ed\onedrive\da other spell\workshop\mod 4 and machine learning\demos\machinelearning\x64\debug\machinelearning.tlog\cl.items.tlog
c:\users\ed\onedrive\da other spell\workshop\mod 4 and machine learning\demos\machinelearning\x64\debug\machinelearning.tlog\cl.read.1-desktop-emenku8.tlog
c:\users\ed\onedrive\da other spell\workshop\mod 4 and machine learning\demos\machinelearning\x64\debug\machinelearning.tlog\cl.write.1-desktop-emenku8.tlog
c:\users\ed\onedrive\da other spell\workshop\mod 4 and machine learning\demos\machinelearning\x64\debug\machinelearning.tlog\link.command.1-desktop-emenku8.tlog
c:\users\ed\onedrive\da other spell\workshop\mod 4 and machine learning\demos\machinelearning\x64\debug\machinelearning.tlog\link.command.1.tlog
c:\users\ed\onedrive\da other spell\workshop\mod 4 and machine learning\demos\machinelearning\x64\debug\machinelearning.tlog\link.read.1-desktop-emenku8.tlog
c:\users\ed\onedrive\da other spell\workshop\mod 4 and machine learning\demos\machinelearning\x64\debug\machinelearning.tlog\link.read.1.tlog
c:\users\ed\onedrive\da other spell\workshop\mod 4 and machine learning\demos\machinelearning\x64\debug\machinelearning.tlog\link.write.1-desktop-emenku8.tlog
c:\users\ed\onedrive\da other spell\workshop\mod 4 and machine learning\demos\machinelearning\x64\debug\machinelearning.tlog\link.write.1.tlog
